<?xml version="1.0" encoding="UTF-8"?>
<!-- Generated by org.testng.reporters.JUnitReportReporter -->
<testsuite hostname="DESKTOP-IG04FIH" failures="0" tests="2" name="RegressionSuite.RegOne" time="0.008" errors="0" timestamp="2024-03-04T10:04:20 IST" skipped="0">
  <testcase classname="RegressionSuite.RegOne" name="regTestOne_1" time="0.008"/>
  <system-out/>
  <testcase classname="RegressionSuite.RegOne" name="regTestOne_2" time="0.000"/>
  <system-out/>
</testsuite> <!-- RegressionSuite.RegOne -->
