<?xml version="1.0" encoding="UTF-8"?>
<!-- Generated by org.testng.reporters.JUnitReportReporter -->
<testsuite hostname="DESKTOP-IG04FIH" failures="0" tests="1" name="concept_1_Jenkins.One" time="5.128" errors="0" timestamp="2024-03-06T21:35:04 IST" skipped="0">
  <testcase classname="concept_1_Jenkins.One" name="test" time="5.128"/>
  <system-out/>
</testsuite> <!-- concept_1_Jenkins.One -->
